1.7.2024, 20:44:48 - ERROR - cannot get bugs | TypeError: res.senad is not a function
1.7.2024, 21:01:11 - ERROR - Cannot get bug | Cannot find bug- save
1.7.2024, 21:02:02 - ERROR - Cannot get bug | Cannot find bug- save
1.7.2024, 21:03:09 - ERROR - Cannot get bug | Cannot find bug- save
1.7.2024, 21:06:57 - ERROR - Cannot get bug | Cannot find bug- save
1.7.2024, 21:07:13 - ERROR - Cannot get bug | Cannot find bug- save
1.7.2024, 21:13:04 - ERROR - Cannot get bug | Cannot find bug- save
1.7.2024, 21:16:27 - ERROR - Cannot get bug | ReferenceError: carId is not defined
1.7.2024, 21:16:54 - ERROR - Cannot get bug | Cannot find bug - b1
1.7.2024, 21:16:57 - ERROR - Cannot get bug | ReferenceError: carId is not defined
1.7.2024, 21:17:09 - ERROR - Cannot get bug | ReferenceError: carId is not defined
1.7.2024, 21:19:15 - INFO - Bug b2 removed
1.7.2024, 21:31:13 - INFO - Bug G0053 removed
1.7.2024, 21:35:57 - INFO - Bug cLSne removed
1.7.2024, 21:35:58 - INFO - Bug uuFqr removed
1.7.2024, 21:42:02 - INFO - Bug 3JXj2 removed
2.7.2024, 9:04:40 - ERROR - cannot get bugs | TypeError: m1.createdAt.localeCompare is not a function
2.7.2024, 9:05:33 - ERROR - cannot get bugs | TypeError: b1.severity.localeCompare is not a function
2.7.2024, 15:09:26 - INFO - Bug SkB6s removed
2.7.2024, 16:08:11 - ERROR - cannot get bugs | SyntaxError: Invalid regular expression: /fchcvb\/i: \ at end of pattern
2.7.2024, 16:08:11 - ERROR - cannot get bugs | SyntaxError: Invalid regular expression: /fchcv\/i: \ at end of pattern
